[01m[K/home/chakfan/double_model/src/armor_tracker/src/tracker_node.cpp:[m[K In member function â€˜[01m[Kvoid rm_auto_aim::ArmorTrackerNode::update_params()[m[Kâ€™:
[01m[K/home/chakfan/double_model/src/armor_tracker/src/tracker_node.cpp:364:27:[m[K [01;31m[Kerror: [m[Kâ€˜[01m[Kclass rm_auto_aim::ArmorModel[m[Kâ€™ has no member named â€˜[01m[Kr_x_[m[Kâ€™; did you mean â€˜[01m[Kr_x[m[Kâ€™?
  364 |     tracker_->armor_model.[01;31m[Kr_x_[m[K = r_x_armor;
      |                           [01;31m[K^~~~[m[K
      |                           [32m[Kr_x[m[K
[01m[K/home/chakfan/double_model/src/armor_tracker/src/tracker_node.cpp:365:27:[m[K [01;31m[Kerror: [m[Kâ€˜[01m[Kclass rm_auto_aim::ArmorModel[m[Kâ€™ has no member named â€˜[01m[Kr_y_[m[Kâ€™; did you mean â€˜[01m[Kr_y[m[Kâ€™?
  365 |     tracker_->armor_model.[01;31m[Kr_y_[m[K = r_y_armor;
      |                           [01;31m[K^~~~[m[K
      |                           [32m[Kr_y[m[K
[01m[K/home/chakfan/double_model/src/armor_tracker/src/tracker_node.cpp:366:27:[m[K [01;31m[Kerror: [m[Kâ€˜[01m[Kclass rm_auto_aim::ArmorModel[m[Kâ€™ has no member named â€˜[01m[Kr_z_[m[Kâ€™; did you mean â€˜[01m[Kr_z[m[Kâ€™?
  366 |     tracker_->armor_model.[01;31m[Kr_z_[m[K = r_z_armor;
      |                           [01;31m[K^~~~[m[K
      |                           [32m[Kr_z[m[K
[01m[K/home/chakfan/double_model/src/armor_tracker/src/tracker_node.cpp:367:27:[m[K [01;31m[Kerror: [m[Kâ€˜[01m[Kclass rm_auto_aim::ArmorModel[m[Kâ€™ has no member named â€˜[01m[Kr_yaw_[m[Kâ€™; did you mean â€˜[01m[Kr_yaw[m[Kâ€™?
  367 |     tracker_->armor_model.[01;31m[Kr_yaw_[m[K = r_yaw_armor;
      |                           [01;31m[K^~~~~~[m[K
      |                           [32m[Kr_yaw[m[K
[01m[K/home/chakfan/double_model/src/armor_tracker/src/tracker_node.cpp:389:27:[m[K [01;31m[Kerror: [m[Kâ€˜[01m[Kclass rm_auto_aim::EnemyModel[m[Kâ€™ has no member named â€˜[01m[Kr_pose_[m[Kâ€™; did you mean â€˜[01m[Kr_pose[m[Kâ€™?
  389 |     tracker_->enemy_model.[01;31m[Kr_pose_[m[K = r_pose_enemy;
      |                           [01;31m[K^~~~~~~[m[K
      |                           [32m[Kr_pose[m[K
[01m[K/home/chakfan/double_model/src/armor_tracker/src/tracker_node.cpp:390:27:[m[K [01;31m[Kerror: [m[Kâ€˜[01m[Kclass rm_auto_aim::EnemyModel[m[Kâ€™ has no member named â€˜[01m[Kr_distance_[m[Kâ€™; did you mean â€˜[01m[Kr_distance[m[Kâ€™?
  390 |     tracker_->enemy_model.[01;31m[Kr_distance_[m[K = r_distance_enemy;
      |                           [01;31m[K^~~~~~~~~~~[m[K
      |                           [32m[Kr_distance[m[K
[01m[K/home/chakfan/double_model/src/armor_tracker/src/tracker_node.cpp:391:27:[m[K [01;31m[Kerror: [m[Kâ€˜[01m[Kclass rm_auto_aim::EnemyModel[m[Kâ€™ has no member named â€˜[01m[Kr_yaw_[m[Kâ€™; did you mean â€˜[01m[Kr_yaw[m[Kâ€™?
  391 |     tracker_->enemy_model.[01;31m[Kr_yaw_[m[K = r_yaw_enemy;
      |                           [01;31m[K^~~~~~[m[K
      |                           [32m[Kr_yaw[m[K
[01m[K/home/chakfan/double_model/src/armor_tracker/src/tracker_node.cpp:393:44:[m[K [01;31m[Kerror: [m[Kâ€˜[01m[Ktracking_thres_enemy_[m[Kâ€™ was not declared in this scope
  393 |     tracker_->enemy_model.tracking_thres = [01;31m[Ktracking_thres_enemy_[m[K;
      |                                            [01;31m[K^~~~~~~~~~~~~~~~~~~~~[m[K
gmake[2]: *** [CMakeFiles/armor_tracker.dir/build.make:146ï¼šCMakeFiles/armor_tracker.dir/src/tracker_node.cpp.o] é”™è¯¯ 1
gmake[2]: *** æ­£åœ¨ç­‰å¾…æœªå®Œæˆçš„ä»»åŠ¡....
gmake[1]: *** [CMakeFiles/Makefile2:139ï¼šCMakeFiles/armor_tracker.dir/all] é”™è¯¯ 2
gmake: *** [Makefile:146ï¼šall] é”™è¯¯ 2
