[01m[K/home/chakfan/double_model/src/armor_tracker/src/tracker_node.cpp:[m[K In member function ‘[01m[Kvoid rm_auto_aim::ArmorTrackerNode::update_params()[m[K’:
[01m[K/home/chakfan/double_model/src/armor_tracker/src/tracker_node.cpp:364:27:[m[K [01;31m[Kerror: [m[K‘[01m[Kclass rm_auto_aim::ArmorModel[m[K’ has no member named ‘[01m[Kr_x_[m[K’; did you mean ‘[01m[Kr_x[m[K’?
  364 |     tracker_->armor_model.[01;31m[Kr_x_[m[K = r_x_armor;
      |                           [01;31m[K^~~~[m[K
      |                           [32m[Kr_x[m[K
[01m[K/home/chakfan/double_model/src/armor_tracker/src/tracker_node.cpp:365:27:[m[K [01;31m[Kerror: [m[K‘[01m[Kclass rm_auto_aim::ArmorModel[m[K’ has no member named ‘[01m[Kr_y_[m[K’; did you mean ‘[01m[Kr_y[m[K’?
  365 |     tracker_->armor_model.[01;31m[Kr_y_[m[K = r_y_armor;
      |                           [01;31m[K^~~~[m[K
      |                           [32m[Kr_y[m[K
[01m[K/home/chakfan/double_model/src/armor_tracker/src/tracker_node.cpp:366:27:[m[K [01;31m[Kerror: [m[K‘[01m[Kclass rm_auto_aim::ArmorModel[m[K’ has no member named ‘[01m[Kr_z_[m[K’; did you mean ‘[01m[Kr_z[m[K’?
  366 |     tracker_->armor_model.[01;31m[Kr_z_[m[K = r_z_armor;
      |                           [01;31m[K^~~~[m[K
      |                           [32m[Kr_z[m[K
[01m[K/home/chakfan/double_model/src/armor_tracker/src/tracker_node.cpp:367:27:[m[K [01;31m[Kerror: [m[K‘[01m[Kclass rm_auto_aim::ArmorModel[m[K’ has no member named ‘[01m[Kr_yaw_[m[K’; did you mean ‘[01m[Kr_yaw[m[K’?
  367 |     tracker_->armor_model.[01;31m[Kr_yaw_[m[K = r_yaw_armor;
      |                           [01;31m[K^~~~~~[m[K
      |                           [32m[Kr_yaw[m[K
[01m[K/home/chakfan/double_model/src/armor_tracker/src/tracker_node.cpp:389:27:[m[K [01;31m[Kerror: [m[K‘[01m[Kclass rm_auto_aim::EnemyModel[m[K’ has no member named ‘[01m[Kr_pose_[m[K’; did you mean ‘[01m[Kr_pose[m[K’?
  389 |     tracker_->enemy_model.[01;31m[Kr_pose_[m[K = r_pose_enemy;
      |                           [01;31m[K^~~~~~~[m[K
      |                           [32m[Kr_pose[m[K
[01m[K/home/chakfan/double_model/src/armor_tracker/src/tracker_node.cpp:390:27:[m[K [01;31m[Kerror: [m[K‘[01m[Kclass rm_auto_aim::EnemyModel[m[K’ has no member named ‘[01m[Kr_distance_[m[K’; did you mean ‘[01m[Kr_distance[m[K’?
  390 |     tracker_->enemy_model.[01;31m[Kr_distance_[m[K = r_distance_enemy;
      |                           [01;31m[K^~~~~~~~~~~[m[K
      |                           [32m[Kr_distance[m[K
[01m[K/home/chakfan/double_model/src/armor_tracker/src/tracker_node.cpp:391:27:[m[K [01;31m[Kerror: [m[K‘[01m[Kclass rm_auto_aim::EnemyModel[m[K’ has no member named ‘[01m[Kr_yaw_[m[K’; did you mean ‘[01m[Kr_yaw[m[K’?
  391 |     tracker_->enemy_model.[01;31m[Kr_yaw_[m[K = r_yaw_enemy;
      |                           [01;31m[K^~~~~~[m[K
      |                           [32m[Kr_yaw[m[K
[01m[K/home/chakfan/double_model/src/armor_tracker/src/tracker_node.cpp:393:44:[m[K [01;31m[Kerror: [m[K‘[01m[Ktracking_thres_enemy_[m[K’ was not declared in this scope
  393 |     tracker_->enemy_model.tracking_thres = [01;31m[Ktracking_thres_enemy_[m[K;
      |                                            [01;31m[K^~~~~~~~~~~~~~~~~~~~~[m[K
gmake[2]: *** [CMakeFiles/armor_tracker.dir/build.make:146：CMakeFiles/armor_tracker.dir/src/tracker_node.cpp.o] 错误 1
gmake[2]: *** 正在等待未完成的任务....
gmake[1]: *** [CMakeFiles/Makefile2:139：CMakeFiles/armor_tracker.dir/all] 错误 2
gmake: *** [Makefile:146：all] 错误 2
