[0.009s] Invoking command in '/home/chakfan/double_model/build/armor_tracker': CMAKE_PREFIX_PATH=/home/chakfan/double_model/install/auto_aim_interfaces:/home/chakfan/double_model/install/filter_test:/home/chakfan/double_model/install/armor_tracker:/opt/ros/humble LD_LIBRARY_PATH=/home/chakfan/double_model/install/auto_aim_interfaces/lib:/home/chakfan/double_model/install/filter_test/lib:/home/chakfan/double_model/install/armor_tracker/lib:/opt/MVS/lib/64:/opt/MVS/lib/32:/opt/MVS/lib/64:/opt/MVS/lib/32:/opt/MVS/lib/64:/opt/MVS/lib/32:/opt/ros/humble/opt/rviz_ogre_vendor/lib:/opt/ros/humble/lib/x86_64-linux-gnu:/opt/ros/humble/lib:/opt/MVS/lib/64:/opt/MVS/lib/32:/opt/MVS/lib/64:/opt/MVS/lib/32:/opt/MVS/lib/64:/opt/MVS/lib/32 /usr/local/bin/cmake --build /home/chakfan/double_model/build/armor_tracker -- -j32 -l32
[0.043s] [ 22%] Built target armor_tracker_node
[0.059s] [ 33%] [32mBuilding CXX object CMakeFiles/armor_tracker.dir/src/motion/armor_model.cpp.o[0m
[0.060s] [ 44%] [32mBuilding CXX object CMakeFiles/armor_tracker.dir/src/tracker.cpp.o[0m
[0.062s] [ 55%] [32mBuilding CXX object CMakeFiles/armor_tracker.dir/src/tracker_node.cpp.o[0m
[2.431s] [01m[K/home/chakfan/double_model/src/armor_tracker/src/tracker_node.cpp:[m[K In member function â€˜[01m[Kvoid rm_auto_aim::ArmorTrackerNode::update_params()[m[Kâ€™:
[2.431s] [01m[K/home/chakfan/double_model/src/armor_tracker/src/tracker_node.cpp:364:27:[m[K [01;31m[Kerror: [m[Kâ€˜[01m[Kclass rm_auto_aim::ArmorModel[m[Kâ€™ has no member named â€˜[01m[Kr_x_[m[Kâ€™; did you mean â€˜[01m[Kr_x[m[Kâ€™?
[2.431s]   364 |     tracker_->armor_model.[01;31m[Kr_x_[m[K = r_x_armor;
[2.431s]       |                           [01;31m[K^~~~[m[K
[2.431s]       |                           [32m[Kr_x[m[K
[2.431s] [01m[K/home/chakfan/double_model/src/armor_tracker/src/tracker_node.cpp:365:27:[m[K [01;31m[Kerror: [m[Kâ€˜[01m[Kclass rm_auto_aim::ArmorModel[m[Kâ€™ has no member named â€˜[01m[Kr_y_[m[Kâ€™; did you mean â€˜[01m[Kr_y[m[Kâ€™?
[2.431s]   365 |     tracker_->armor_model.[01;31m[Kr_y_[m[K = r_y_armor;
[2.431s]       |                           [01;31m[K^~~~[m[K
[2.431s]       |                           [32m[Kr_y[m[K
[2.431s] [01m[K/home/chakfan/double_model/src/armor_tracker/src/tracker_node.cpp:366:27:[m[K [01;31m[Kerror: [m[Kâ€˜[01m[Kclass rm_auto_aim::ArmorModel[m[Kâ€™ has no member named â€˜[01m[Kr_z_[m[Kâ€™; did you mean â€˜[01m[Kr_z[m[Kâ€™?
[2.431s]   366 |     tracker_->armor_model.[01;31m[Kr_z_[m[K = r_z_armor;
[2.431s]       |                           [01;31m[K^~~~[m[K
[2.431s]       |                           [32m[Kr_z[m[K
[2.431s] [01m[K/home/chakfan/double_model/src/armor_tracker/src/tracker_node.cpp:367:27:[m[K [01;31m[Kerror: [m[Kâ€˜[01m[Kclass rm_auto_aim::ArmorModel[m[Kâ€™ has no member named â€˜[01m[Kr_yaw_[m[Kâ€™; did you mean â€˜[01m[Kr_yaw[m[Kâ€™?
[2.431s]   367 |     tracker_->armor_model.[01;31m[Kr_yaw_[m[K = r_yaw_armor;
[2.431s]       |                           [01;31m[K^~~~~~[m[K
[2.431s]       |                           [32m[Kr_yaw[m[K
[2.431s] [01m[K/home/chakfan/double_model/src/armor_tracker/src/tracker_node.cpp:389:27:[m[K [01;31m[Kerror: [m[Kâ€˜[01m[Kclass rm_auto_aim::EnemyModel[m[Kâ€™ has no member named â€˜[01m[Kr_pose_[m[Kâ€™; did you mean â€˜[01m[Kr_pose[m[Kâ€™?
[2.431s]   389 |     tracker_->enemy_model.[01;31m[Kr_pose_[m[K = r_pose_enemy;
[2.431s]       |                           [01;31m[K^~~~~~~[m[K
[2.431s]       |                           [32m[Kr_pose[m[K
[2.431s] [01m[K/home/chakfan/double_model/src/armor_tracker/src/tracker_node.cpp:390:27:[m[K [01;31m[Kerror: [m[Kâ€˜[01m[Kclass rm_auto_aim::EnemyModel[m[Kâ€™ has no member named â€˜[01m[Kr_distance_[m[Kâ€™; did you mean â€˜[01m[Kr_distance[m[Kâ€™?
[2.431s]   390 |     tracker_->enemy_model.[01;31m[Kr_distance_[m[K = r_distance_enemy;
[2.431s]       |                           [01;31m[K^~~~~~~~~~~[m[K
[2.431s]       |                           [32m[Kr_distance[m[K
[2.432s] [01m[K/home/chakfan/double_model/src/armor_tracker/src/tracker_node.cpp:391:27:[m[K [01;31m[Kerror: [m[Kâ€˜[01m[Kclass rm_auto_aim::EnemyModel[m[Kâ€™ has no member named â€˜[01m[Kr_yaw_[m[Kâ€™; did you mean â€˜[01m[Kr_yaw[m[Kâ€™?
[2.432s]   391 |     tracker_->enemy_model.[01;31m[Kr_yaw_[m[K = r_yaw_enemy;
[2.432s]       |                           [01;31m[K^~~~~~[m[K
[2.432s]       |                           [32m[Kr_yaw[m[K
[2.440s] [01m[K/home/chakfan/double_model/src/armor_tracker/src/tracker_node.cpp:393:44:[m[K [01;31m[Kerror: [m[Kâ€˜[01m[Ktracking_thres_enemy_[m[Kâ€™ was not declared in this scope
[2.440s]   393 |     tracker_->enemy_model.tracking_thres = [01;31m[Ktracking_thres_enemy_[m[K;
[2.440s]       |                                            [01;31m[K^~~~~~~~~~~~~~~~~~~~~[m[K
[4.075s] gmake[2]: *** [CMakeFiles/armor_tracker.dir/build.make:146ï¼šCMakeFiles/armor_tracker.dir/src/tracker_node.cpp.o] é”™è¯¯ 1
[4.075s] gmake[2]: *** æ­£åœ¨ç­‰å¾…æœªå®Œæˆçš„ä»»åŠ¡....
[7.524s] gmake[1]: *** [CMakeFiles/Makefile2:139ï¼šCMakeFiles/armor_tracker.dir/all] é”™è¯¯ 2
[7.524s] gmake: *** [Makefile:146ï¼šall] é”™è¯¯ 2
[7.526s] Invoked command in '/home/chakfan/double_model/build/armor_tracker' returned '2': CMAKE_PREFIX_PATH=/home/chakfan/double_model/install/auto_aim_interfaces:/home/chakfan/double_model/install/filter_test:/home/chakfan/double_model/install/armor_tracker:/opt/ros/humble LD_LIBRARY_PATH=/home/chakfan/double_model/install/auto_aim_interfaces/lib:/home/chakfan/double_model/install/filter_test/lib:/home/chakfan/double_model/install/armor_tracker/lib:/opt/MVS/lib/64:/opt/MVS/lib/32:/opt/MVS/lib/64:/opt/MVS/lib/32:/opt/MVS/lib/64:/opt/MVS/lib/32:/opt/ros/humble/opt/rviz_ogre_vendor/lib:/opt/ros/humble/lib/x86_64-linux-gnu:/opt/ros/humble/lib:/opt/MVS/lib/64:/opt/MVS/lib/32:/opt/MVS/lib/64:/opt/MVS/lib/32:/opt/MVS/lib/64:/opt/MVS/lib/32 /usr/local/bin/cmake --build /home/chakfan/double_model/build/armor_tracker -- -j32 -l32
