[0.011s] Invoking command in '/home/chakfan/double_model/build/armor_tracker': CMAKE_PREFIX_PATH=/home/chakfan/double_model/install/auto_aim_interfaces:/home/chakfan/double_model/install/filter_test:/home/chakfan/double_model/install/armor_tracker:/opt/ros/humble LD_LIBRARY_PATH=/home/chakfan/double_model/install/auto_aim_interfaces/lib:/home/chakfan/double_model/install/filter_test/lib:/home/chakfan/double_model/install/armor_tracker/lib:/opt/MVS/lib/64:/opt/MVS/lib/32:/opt/MVS/lib/64:/opt/MVS/lib/32:/opt/MVS/lib/64:/opt/MVS/lib/32:/opt/ros/humble/opt/rviz_ogre_vendor/lib:/opt/ros/humble/lib/x86_64-linux-gnu:/opt/ros/humble/lib:/opt/MVS/lib/64:/opt/MVS/lib/32:/opt/MVS/lib/64:/opt/MVS/lib/32:/opt/MVS/lib/64:/opt/MVS/lib/32 /usr/local/bin/cmake --build /home/chakfan/double_model/build/armor_tracker -- -j32 -l32
[0.045s] [ 22%] Built target armor_tracker_node
[0.053s] [ 33%] [32mBuilding CXX object CMakeFiles/armor_tracker.dir/src/motion/enemy_model.cpp.o[0m
[1.029s] [01m[K/home/chakfan/double_model/src/armor_tracker/src/motion/enemy_model.cpp:[m[K In member function â€˜[01m[KEigen::MatrixXd rm_auto_aim::EnemyModel::update_Q(const double&)[m[Kâ€™:
[1.029s] [01m[K/home/chakfan/double_model/src/armor_tracker/src/motion/enemy_model.cpp:8:12:[m[K [01;31m[Kerror: [m[Kunused variable â€˜[01m[Kdx[m[Kâ€™ [[01;31m[K]8;;https://gcc.gnu.org/onlinedocs/gcc/Warning-Options.html#index-Wunused-variable-Werror=unused-variable]8;;[m[K]
[1.029s]     8 |     double [01;31m[Kdx[m[K = pow(pow(vx, 2) + pow(vy, 2), 0.5), dy = abs(v_yaw);
[1.029s]       |            [01;31m[K^~[m[K
[1.029s] [01m[K/home/chakfan/double_model/src/armor_tracker/src/motion/enemy_model.cpp:8:52:[m[K [01;31m[Kerror: [m[Kunused variable â€˜[01m[Kdy[m[Kâ€™ [[01;31m[K]8;;https://gcc.gnu.org/onlinedocs/gcc/Warning-Options.html#index-Wunused-variable-Werror=unused-variable]8;;[m[K]
[1.029s]     8 |     double dx = pow(pow(vx, 2) + pow(vy, 2), 0.5), [01;31m[Kdy[m[K = abs(v_yaw);
[1.030s]       |                                                    [01;31m[K^~[m[K
[1.244s] cc1plus: all warnings being treated as errors
[1.254s] gmake[2]: *** [CMakeFiles/armor_tracker.dir/build.make:118ï¼šCMakeFiles/armor_tracker.dir/src/motion/enemy_model.cpp.o] é”™è¯¯ 1
[1.254s] gmake[1]: *** [CMakeFiles/Makefile2:139ï¼šCMakeFiles/armor_tracker.dir/all] é”™è¯¯ 2
[1.254s] gmake: *** [Makefile:146ï¼šall] é”™è¯¯ 2
[1.257s] Invoked command in '/home/chakfan/double_model/build/armor_tracker' returned '2': CMAKE_PREFIX_PATH=/home/chakfan/double_model/install/auto_aim_interfaces:/home/chakfan/double_model/install/filter_test:/home/chakfan/double_model/install/armor_tracker:/opt/ros/humble LD_LIBRARY_PATH=/home/chakfan/double_model/install/auto_aim_interfaces/lib:/home/chakfan/double_model/install/filter_test/lib:/home/chakfan/double_model/install/armor_tracker/lib:/opt/MVS/lib/64:/opt/MVS/lib/32:/opt/MVS/lib/64:/opt/MVS/lib/32:/opt/MVS/lib/64:/opt/MVS/lib/32:/opt/ros/humble/opt/rviz_ogre_vendor/lib:/opt/ros/humble/lib/x86_64-linux-gnu:/opt/ros/humble/lib:/opt/MVS/lib/64:/opt/MVS/lib/32:/opt/MVS/lib/64:/opt/MVS/lib/32:/opt/MVS/lib/64:/opt/MVS/lib/32 /usr/local/bin/cmake --build /home/chakfan/double_model/build/armor_tracker -- -j32 -l32
