In file included from [01m[K/home/chakfan/double_model/src/armor_tracker/src/motion/armor_model.cpp:1[m[K:
[01m[K/home/chakfan/double_model/src/armor_tracker/include/armor_tracker/motion/armor_model.hpp:[m[K In member function ‘[01m[Kvoid rm_auto_aim::FuncA::operator()(T&)[m[K’:
[01m[K/home/chakfan/double_model/src/armor_tracker/include/armor_tracker/motion/armor_model.hpp:53:14:[m[K [01;31m[Kerror: [m[K‘[01m[Kcout[m[K’ is not a member of ‘[01m[Kstd[m[K’
   53 |         std::[01;31m[Kcout[m[K<<A<<std::endl;
      |              [01;31m[K^~~~[m[K
[01m[K/home/chakfan/double_model/src/armor_tracker/include/armor_tracker/motion/armor_model.hpp:8:1:[m[K [01;36m[Knote: [m[K‘[01m[Kstd::cout[m[K’ is defined in header ‘[01m[K<iostream>[m[K’; did you forget to ‘[01m[K#include <iostream>[m[K’?
    7 | #include "armor_tracker/filter/kalman_filter.hpp"
  +++ |+[32m[K#include <iostream>[m[K
    8 | 
gmake[2]: *** [CMakeFiles/armor_tracker.dir/build.make:104：CMakeFiles/armor_tracker.dir/src/motion/armor_model.cpp.o] 错误 1
gmake[2]: *** 正在等待未完成的任务....
gmake[1]: *** [CMakeFiles/Makefile2:139：CMakeFiles/armor_tracker.dir/all] 错误 2
gmake: *** [Makefile:146：all] 错误 2
