[0.009s] Invoking command in '/home/chakfan/double_model/build/armor_tracker': CMAKE_PREFIX_PATH=/home/chakfan/double_model/install/auto_aim_interfaces:/home/chakfan/double_model/install/filter_test:/home/chakfan/double_model/install/armor_tracker:/opt/ros/humble LD_LIBRARY_PATH=/home/chakfan/double_model/install/auto_aim_interfaces/lib:/home/chakfan/double_model/install/filter_test/lib:/home/chakfan/double_model/install/armor_tracker/lib:/opt/MVS/lib/64:/opt/MVS/lib/32:/opt/MVS/lib/64:/opt/MVS/lib/32:/opt/MVS/lib/64:/opt/MVS/lib/32:/opt/ros/humble/opt/rviz_ogre_vendor/lib:/opt/ros/humble/lib/x86_64-linux-gnu:/opt/ros/humble/lib:/opt/MVS/lib/64:/opt/MVS/lib/32:/opt/MVS/lib/64:/opt/MVS/lib/32:/opt/MVS/lib/64:/opt/MVS/lib/32 /usr/local/bin/cmake --build /home/chakfan/double_model/build/armor_tracker -- -j32 -l32
[0.042s] [ 22%] Built target armor_tracker_node
[0.051s] [ 33%] [32mBuilding CXX object CMakeFiles/armor_tracker.dir/src/motion/armor_model.cpp.o[0m
[0.052s] [ 44%] [32mBuilding CXX object CMakeFiles/armor_tracker.dir/src/tracker.cpp.o[0m
[0.053s] [ 55%] [32mBuilding CXX object CMakeFiles/armor_tracker.dir/src/tracker_node.cpp.o[0m
[0.787s] In file included from [01m[K/home/chakfan/double_model/src/armor_tracker/src/motion/armor_model.cpp:1[m[K:
[0.788s] [01m[K/home/chakfan/double_model/src/armor_tracker/include/armor_tracker/motion/armor_model.hpp:[m[K In member function â€˜[01m[Kvoid rm_auto_aim::FuncA::operator()(T&)[m[Kâ€™:
[0.788s] [01m[K/home/chakfan/double_model/src/armor_tracker/include/armor_tracker/motion/armor_model.hpp:53:14:[m[K [01;31m[Kerror: [m[Kâ€˜[01m[Kcout[m[Kâ€™ is not a member of â€˜[01m[Kstd[m[Kâ€™
[0.788s]    53 |         std::[01;31m[Kcout[m[K<<A<<std::endl;
[0.788s]       |              [01;31m[K^~~~[m[K
[0.788s] [01m[K/home/chakfan/double_model/src/armor_tracker/include/armor_tracker/motion/armor_model.hpp:8:1:[m[K [01;36m[Knote: [m[Kâ€˜[01m[Kstd::cout[m[Kâ€™ is defined in header â€˜[01m[K<iostream>[m[Kâ€™; did you forget to â€˜[01m[K#include <iostream>[m[Kâ€™?
[0.788s]     7 | #include "armor_tracker/filter/kalman_filter.hpp"
[0.788s]   +++ |+[32m[K#include <iostream>[m[K
[0.788s]     8 | 
[1.039s] gmake[2]: *** [CMakeFiles/armor_tracker.dir/build.make:104ï¼šCMakeFiles/armor_tracker.dir/src/motion/armor_model.cpp.o] é”™è¯¯ 1
[1.039s] gmake[2]: *** æ­£åœ¨ç­‰å¾…æœªå®Œæˆçš„ä»»åŠ¡....
[8.902s] gmake[1]: *** [CMakeFiles/Makefile2:139ï¼šCMakeFiles/armor_tracker.dir/all] é”™è¯¯ 2
[8.902s] gmake: *** [Makefile:146ï¼šall] é”™è¯¯ 2
[8.905s] Invoked command in '/home/chakfan/double_model/build/armor_tracker' returned '2': CMAKE_PREFIX_PATH=/home/chakfan/double_model/install/auto_aim_interfaces:/home/chakfan/double_model/install/filter_test:/home/chakfan/double_model/install/armor_tracker:/opt/ros/humble LD_LIBRARY_PATH=/home/chakfan/double_model/install/auto_aim_interfaces/lib:/home/chakfan/double_model/install/filter_test/lib:/home/chakfan/double_model/install/armor_tracker/lib:/opt/MVS/lib/64:/opt/MVS/lib/32:/opt/MVS/lib/64:/opt/MVS/lib/32:/opt/MVS/lib/64:/opt/MVS/lib/32:/opt/ros/humble/opt/rviz_ogre_vendor/lib:/opt/ros/humble/lib/x86_64-linux-gnu:/opt/ros/humble/lib:/opt/MVS/lib/64:/opt/MVS/lib/32:/opt/MVS/lib/64:/opt/MVS/lib/32:/opt/MVS/lib/64:/opt/MVS/lib/32 /usr/local/bin/cmake --build /home/chakfan/double_model/build/armor_tracker -- -j32 -l32
